【微信模板消息】发送失败，{}
me.chanjar.weixin.common.exception.WxErrorException: {"errcode":40164,"errmsg":"invalid ip 112.11.214.147 ipv6 ::ffff:112.11.214.147, not in whitelist hint: [uxRoNA0309e264]"}
	at me.chanjar.weixin.mp.api.impl.WxMpServiceApacheHttpClientImpl.getAccessToken(WxMpServiceApacheHttpClientImpl.java:86)
	at me.chanjar.weixin.mp.api.impl.AbstractWxMpServiceImpl.executeInternal(AbstractWxMpServiceImpl.java:283)
	at me.chanjar.weixin.mp.api.impl.AbstractWxMpServiceImpl.execute(AbstractWxMpServiceImpl.java:251)
	at me.chanjar.weixin.mp.api.impl.AbstractWxMpServiceImpl.post(AbstractWxMpServiceImpl.java:241)
	at me.chanjar.weixin.mp.api.impl.WxMpTemplateMsgServiceImpl.sendTemplateMsg(WxMpTemplateMsgServiceImpl.java:34)
	at com.imooc.service.impl.PushMessageImpl.orderStatus(PushMessageImpl.java:43)
	at com.imooc.service.impl.PushMessageImplTest.orderStatus(PushMessageImplTest.java:27)
	at sun.reflect.NativeMethodAccessorImpl.invoke0(Native Method)
	at sun.reflect.NativeMethodAccessorImpl.invoke(NativeMethodAccessorImpl.java:62)
	at sun.reflect.DelegatingMethodAccessorImpl.invoke(DelegatingMethodAccessorImpl.java:43)
	at java.lang.reflect.Method.invoke(Method.java:498)
	at org.junit.runners.model.FrameworkMethod$1.runReflectiveCall(FrameworkMethod.java:50)
	at org.junit.internal.runners.model.ReflectiveCallable.run(ReflectiveCallable.java:12)
	at org.junit.runners.model.FrameworkMethod.invokeExplosively(FrameworkMethod.java:47)
	at org.junit.internal.runners.statements.InvokeMethod.evaluate(InvokeMethod.java:17)
	at org.springframework.test.context.junit4.statements.RunBeforeTestMethodCallbacks.evaluate(RunBeforeTestMethodCallbacks.java:75)
	at org.springframework.test.context.junit4.statements.RunAfterTestMethodCallbacks.evaluate(RunAfterTestMethodCallbacks.java:86)
	at org.springframework.test.context.junit4.statements.SpringRepeat.evaluate(SpringRepeat.java:84)
	at org.junit.runners.ParentRunner.runLeaf(ParentRunner.java:325)
	at org.springframework.test.context.junit4.SpringJUnit4ClassRunner.runChild(SpringJUnit4ClassRunner.java:252)
	at org.springframework.test.context.junit4.SpringJUnit4ClassRunner.runChild(SpringJUnit4ClassRunner.java:94)
	at org.junit.runners.ParentRunner$3.run(ParentRunner.java:290)
	at org.junit.runners.ParentRunner$1.schedule(ParentRunner.java:71)
	at org.junit.runners.ParentRunner.runChildren(ParentRunner.java:288)
	at org.junit.runners.ParentRunner.access$000(ParentRunner.java:58)
	at org.junit.runners.ParentRunner$2.evaluate(ParentRunner.java:268)
	at org.springframework.test.context.junit4.statements.RunBeforeTestClassCallbacks.evaluate(RunBeforeTestClassCallbacks.java:61)
	at org.springframework.test.context.junit4.statements.RunAfterTestClassCallbacks.evaluate(RunAfterTestClassCallbacks.java:70)
	at org.junit.runners.ParentRunner.run(ParentRunner.java:363)
	at org.springframework.test.context.junit4.SpringJUnit4ClassRunner.run(SpringJUnit4ClassRunner.java:191)
	at org.junit.runner.JUnitCore.run(JUnitCore.java:137)
	at com.intellij.junit4.JUnit4IdeaTestRunner.startRunnerWithArgs(JUnit4IdeaTestRunner.java:68)
	at com.intellij.rt.execution.junit.IdeaTestRunner$Repeater.startRunnerWithArgs(IdeaTestRunner.java:47)
	at com.intellij.rt.execution.junit.JUnitStarter.prepareStreamsAndStart(JUnitStarter.java:242)
	at com.intellij.rt.execution.junit.JUnitStarter.main(JUnitStarter.java:70)

【请求地址】: https://api.weixin.qq.com/cgi-bin/message/template/send?access_token=25_1A8XdW-b1UKO6mSfTFGDgemPBJYy0UvCXIJwbO5S36UZRYRKMMsjNEoShhDNG4oR0g7S9qmzwyacEJH-qMP0Y3cfun-BKhEYSBCaUCJkc04H1L0OLUfeaJn-vyi_ppUpKKMZWr4R6JJxj5aaIWYdAEAESU
【请求参数】：{"touser":"oTgZpwUcVFjntzGC7x_8G6tCjtQA","template_id":"Do7mO-pkwOn88T-OI969fDrldREL2ZRP-L9_sWPNnDA","data":{}}
【错误信息】：{"errcode":40003,"errmsg":"invalid openid hint: [MLZ_607323932]"}
【微信模板消息】发送失败，{}
me.chanjar.weixin.common.exception.WxErrorException: {"errcode":40003,"errmsg":"invalid openid hint: [MLZ_607323932]"}
	at me.chanjar.weixin.mp.api.impl.AbstractWxMpServiceImpl.executeInternal(AbstractWxMpServiceImpl.java:309)
	at me.chanjar.weixin.mp.api.impl.AbstractWxMpServiceImpl.execute(AbstractWxMpServiceImpl.java:251)
	at me.chanjar.weixin.mp.api.impl.AbstractWxMpServiceImpl.post(AbstractWxMpServiceImpl.java:241)
	at me.chanjar.weixin.mp.api.impl.WxMpTemplateMsgServiceImpl.sendTemplateMsg(WxMpTemplateMsgServiceImpl.java:34)
	at com.imooc.service.impl.PushMessageImpl.orderStatus(PushMessageImpl.java:47)
	at com.imooc.service.impl.PushMessageImplTest.orderStatus(PushMessageImplTest.java:27)
	at sun.reflect.NativeMethodAccessorImpl.invoke0(Native Method)
	at sun.reflect.NativeMethodAccessorImpl.invoke(NativeMethodAccessorImpl.java:62)
	at sun.reflect.DelegatingMethodAccessorImpl.invoke(DelegatingMethodAccessorImpl.java:43)
	at java.lang.reflect.Method.invoke(Method.java:498)
	at org.junit.runners.model.FrameworkMethod$1.runReflectiveCall(FrameworkMethod.java:50)
	at org.junit.internal.runners.model.ReflectiveCallable.run(ReflectiveCallable.java:12)
	at org.junit.runners.model.FrameworkMethod.invokeExplosively(FrameworkMethod.java:47)
	at org.junit.internal.runners.statements.InvokeMethod.evaluate(InvokeMethod.java:17)
	at org.springframework.test.context.junit4.statements.RunBeforeTestMethodCallbacks.evaluate(RunBeforeTestMethodCallbacks.java:75)
	at org.springframework.test.context.junit4.statements.RunAfterTestMethodCallbacks.evaluate(RunAfterTestMethodCallbacks.java:86)
	at org.springframework.test.context.junit4.statements.SpringRepeat.evaluate(SpringRepeat.java:84)
	at org.junit.runners.ParentRunner.runLeaf(ParentRunner.java:325)
	at org.springframework.test.context.junit4.SpringJUnit4ClassRunner.runChild(SpringJUnit4ClassRunner.java:252)
	at org.springframework.test.context.junit4.SpringJUnit4ClassRunner.runChild(SpringJUnit4ClassRunner.java:94)
	at org.junit.runners.ParentRunner$3.run(ParentRunner.java:290)
	at org.junit.runners.ParentRunner$1.schedule(ParentRunner.java:71)
	at org.junit.runners.ParentRunner.runChildren(ParentRunner.java:288)
	at org.junit.runners.ParentRunner.access$000(ParentRunner.java:58)
	at org.junit.runners.ParentRunner$2.evaluate(ParentRunner.java:268)
	at org.springframework.test.context.junit4.statements.RunBeforeTestClassCallbacks.evaluate(RunBeforeTestClassCallbacks.java:61)
	at org.springframework.test.context.junit4.statements.RunAfterTestClassCallbacks.evaluate(RunAfterTestClassCallbacks.java:70)
	at org.junit.runners.ParentRunner.run(ParentRunner.java:363)
	at org.springframework.test.context.junit4.SpringJUnit4ClassRunner.run(SpringJUnit4ClassRunner.java:191)
	at org.junit.runner.JUnitCore.run(JUnitCore.java:137)
	at com.intellij.junit4.JUnit4IdeaTestRunner.startRunnerWithArgs(JUnit4IdeaTestRunner.java:68)
	at com.intellij.rt.execution.junit.IdeaTestRunner$Repeater.startRunnerWithArgs(IdeaTestRunner.java:47)
	at com.intellij.rt.execution.junit.JUnitStarter.prepareStreamsAndStart(JUnitStarter.java:242)
	at com.intellij.rt.execution.junit.JUnitStarter.main(JUnitStarter.java:70)

【请求地址】: https://api.weixin.qq.com/cgi-bin/message/template/send?access_token=25_AZN7wK683Hu0c05-W_faZfavkli5dJeKDR0os9pPACLPrQ0O4kTm6BVQdAFfDqMYieBh8vbS6waKfyLFt90HDrJrKuclE3E6K4MG2YVeMCi5dspBc5rCa-Ob86jif5SaYsd-bIhwu8_7EHzaLZRjACABPH
【请求参数】：{"touser":"oTgZpwUcVFjntzGC7x_8G6tCjtQA","template_id":"Do7mO-pkwOn88T-OI969fDrldREL2ZRP-L9_sWPNnDA","data":{}}
【错误信息】：{"errcode":40003,"errmsg":"invalid openid hint: [Rw04.A05973934]"}
【微信模板消息】发送失败，{}
me.chanjar.weixin.common.exception.WxErrorException: {"errcode":40003,"errmsg":"invalid openid hint: [Rw04.A05973934]"}
	at me.chanjar.weixin.mp.api.impl.AbstractWxMpServiceImpl.executeInternal(AbstractWxMpServiceImpl.java:309)
	at me.chanjar.weixin.mp.api.impl.AbstractWxMpServiceImpl.execute(AbstractWxMpServiceImpl.java:251)
	at me.chanjar.weixin.mp.api.impl.AbstractWxMpServiceImpl.post(AbstractWxMpServiceImpl.java:241)
	at me.chanjar.weixin.mp.api.impl.WxMpTemplateMsgServiceImpl.sendTemplateMsg(WxMpTemplateMsgServiceImpl.java:34)
	at com.imooc.service.impl.PushMessageImpl.orderStatus(PushMessageImpl.java:47)
	at com.imooc.service.impl.PushMessageImplTest.orderStatus(PushMessageImplTest.java:27)
	at sun.reflect.NativeMethodAccessorImpl.invoke0(Native Method)
	at sun.reflect.NativeMethodAccessorImpl.invoke(NativeMethodAccessorImpl.java:62)
	at sun.reflect.DelegatingMethodAccessorImpl.invoke(DelegatingMethodAccessorImpl.java:43)
	at java.lang.reflect.Method.invoke(Method.java:498)
	at org.junit.runners.model.FrameworkMethod$1.runReflectiveCall(FrameworkMethod.java:50)
	at org.junit.internal.runners.model.ReflectiveCallable.run(ReflectiveCallable.java:12)
	at org.junit.runners.model.FrameworkMethod.invokeExplosively(FrameworkMethod.java:47)
	at org.junit.internal.runners.statements.InvokeMethod.evaluate(InvokeMethod.java:17)
	at org.springframework.test.context.junit4.statements.RunBeforeTestMethodCallbacks.evaluate(RunBeforeTestMethodCallbacks.java:75)
	at org.springframework.test.context.junit4.statements.RunAfterTestMethodCallbacks.evaluate(RunAfterTestMethodCallbacks.java:86)
	at org.springframework.test.context.junit4.statements.SpringRepeat.evaluate(SpringRepeat.java:84)
	at org.junit.runners.ParentRunner.runLeaf(ParentRunner.java:325)
	at org.springframework.test.context.junit4.SpringJUnit4ClassRunner.runChild(SpringJUnit4ClassRunner.java:252)
	at org.springframework.test.context.junit4.SpringJUnit4ClassRunner.runChild(SpringJUnit4ClassRunner.java:94)
	at org.junit.runners.ParentRunner$3.run(ParentRunner.java:290)
	at org.junit.runners.ParentRunner$1.schedule(ParentRunner.java:71)
	at org.junit.runners.ParentRunner.runChildren(ParentRunner.java:288)
	at org.junit.runners.ParentRunner.access$000(ParentRunner.java:58)
	at org.junit.runners.ParentRunner$2.evaluate(ParentRunner.java:268)
	at org.springframework.test.context.junit4.statements.RunBeforeTestClassCallbacks.evaluate(RunBeforeTestClassCallbacks.java:61)
	at org.springframework.test.context.junit4.statements.RunAfterTestClassCallbacks.evaluate(RunAfterTestClassCallbacks.java:70)
	at org.junit.runners.ParentRunner.run(ParentRunner.java:363)
	at org.springframework.test.context.junit4.SpringJUnit4ClassRunner.run(SpringJUnit4ClassRunner.java:191)
	at org.junit.runner.JUnitCore.run(JUnitCore.java:137)
	at com.intellij.junit4.JUnit4IdeaTestRunner.startRunnerWithArgs(JUnit4IdeaTestRunner.java:68)
	at com.intellij.rt.execution.junit.IdeaTestRunner$Repeater.startRunnerWithArgs(IdeaTestRunner.java:47)
	at com.intellij.rt.execution.junit.JUnitStarter.prepareStreamsAndStart(JUnitStarter.java:242)
	at com.intellij.rt.execution.junit.JUnitStarter.main(JUnitStarter.java:70)

【请求地址】: https://api.weixin.qq.com/cgi-bin/message/template/send?access_token=25_UaTL2p71gJm1xLx6lGbgoyaR7RarzBvuUweTS4Nu6mPhh3Hyj6AbwkHVkbe9A_H8wiK_9rtLt7c2Q1Plb9X4f0BEY6wOB2DYgZfs4TxKFqLNGwmHzElUvgmcrgUgcTIm93fs0TQqIRzdrfPRTMZaACACVI
【请求参数】：{"touser":"oTgZpwUcVFjntzGC7x_8G6tCjtQA","template_id":"Do7mO-pkwOn88T-OI969fDrldREL2ZRP-L9_sWPNnDA","data":{}}
【错误信息】：{"errcode":40003,"errmsg":"invalid openid hint: [qJ5txa03304123]"}
【微信模板消息】发送失败，{}
me.chanjar.weixin.common.exception.WxErrorException: {"errcode":40003,"errmsg":"invalid openid hint: [qJ5txa03304123]"}
	at me.chanjar.weixin.mp.api.impl.AbstractWxMpServiceImpl.executeInternal(AbstractWxMpServiceImpl.java:309)
	at me.chanjar.weixin.mp.api.impl.AbstractWxMpServiceImpl.execute(AbstractWxMpServiceImpl.java:251)
	at me.chanjar.weixin.mp.api.impl.AbstractWxMpServiceImpl.post(AbstractWxMpServiceImpl.java:241)
	at me.chanjar.weixin.mp.api.impl.WxMpTemplateMsgServiceImpl.sendTemplateMsg(WxMpTemplateMsgServiceImpl.java:34)
	at com.imooc.service.impl.PushMessageImpl.orderStatus(PushMessageImpl.java:47)
	at com.imooc.service.impl.PushMessageImplTest.orderStatus(PushMessageImplTest.java:27)
	at sun.reflect.NativeMethodAccessorImpl.invoke0(Native Method)
	at sun.reflect.NativeMethodAccessorImpl.invoke(NativeMethodAccessorImpl.java:62)
	at sun.reflect.DelegatingMethodAccessorImpl.invoke(DelegatingMethodAccessorImpl.java:43)
	at java.lang.reflect.Method.invoke(Method.java:498)
	at org.junit.runners.model.FrameworkMethod$1.runReflectiveCall(FrameworkMethod.java:50)
	at org.junit.internal.runners.model.ReflectiveCallable.run(ReflectiveCallable.java:12)
	at org.junit.runners.model.FrameworkMethod.invokeExplosively(FrameworkMethod.java:47)
	at org.junit.internal.runners.statements.InvokeMethod.evaluate(InvokeMethod.java:17)
	at org.springframework.test.context.junit4.statements.RunBeforeTestMethodCallbacks.evaluate(RunBeforeTestMethodCallbacks.java:75)
	at org.springframework.test.context.junit4.statements.RunAfterTestMethodCallbacks.evaluate(RunAfterTestMethodCallbacks.java:86)
	at org.springframework.test.context.junit4.statements.SpringRepeat.evaluate(SpringRepeat.java:84)
	at org.junit.runners.ParentRunner.runLeaf(ParentRunner.java:325)
	at org.springframework.test.context.junit4.SpringJUnit4ClassRunner.runChild(SpringJUnit4ClassRunner.java:252)
	at org.springframework.test.context.junit4.SpringJUnit4ClassRunner.runChild(SpringJUnit4ClassRunner.java:94)
	at org.junit.runners.ParentRunner$3.run(ParentRunner.java:290)
	at org.junit.runners.ParentRunner$1.schedule(ParentRunner.java:71)
	at org.junit.runners.ParentRunner.runChildren(ParentRunner.java:288)
	at org.junit.runners.ParentRunner.access$000(ParentRunner.java:58)
	at org.junit.runners.ParentRunner$2.evaluate(ParentRunner.java:268)
	at org.springframework.test.context.junit4.statements.RunBeforeTestClassCallbacks.evaluate(RunBeforeTestClassCallbacks.java:61)
	at org.springframework.test.context.junit4.statements.RunAfterTestClassCallbacks.evaluate(RunAfterTestClassCallbacks.java:70)
	at org.junit.runners.ParentRunner.run(ParentRunner.java:363)
	at org.springframework.test.context.junit4.SpringJUnit4ClassRunner.run(SpringJUnit4ClassRunner.java:191)
	at org.junit.runner.JUnitCore.run(JUnitCore.java:137)
	at com.intellij.junit4.JUnit4IdeaTestRunner.startRunnerWithArgs(JUnit4IdeaTestRunner.java:68)
	at com.intellij.rt.execution.junit.IdeaTestRunner$Repeater.startRunnerWithArgs(IdeaTestRunner.java:47)
	at com.intellij.rt.execution.junit.JUnitStarter.prepareStreamsAndStart(JUnitStarter.java:242)
	at com.intellij.rt.execution.junit.JUnitStarter.main(JUnitStarter.java:70)
